<?xml version="1.0" encoding="UTF-8" standalone="no"?>
<!DOCTYPE log SYSTEM "logger.dtd">
<log>
<record>
  <date>2024-08-26T08:03:30.151-0300</date>
  <logger>GABRIEL GERMANO DOS SANTOS</logger>
  <level>FINE</level>
  <message>File 123110263-GABRIEL GERMANO DOS SANTOS.zip was received. It was sent by GABRIEL GERMANO DOS SANTOS from IP 192.168.101.2 at 26-08-2024 08*03*30</message>
</record>
</log>
<?xml version="1.0" encoding="UTF-8" standalone="no"?>
<!DOCTYPE log SYSTEM "logger.dtd">
<log>
<record>
  <date>2024-08-26T09:55:33.320-0300</date>
  <logger>GABRIEL GERMANO DOS SANTOS</logger>
  <level>FINE</level>
  <message>File 123110263-GABRIEL GERMANO DOS SANTOS.zip was received. It was sent by GABRIEL GERMANO DOS SANTOS from IP 192.168.101.2 at 26-08-2024 09*55*33</message>
</record>
</log>
<?xml version="1.0" encoding="UTF-8" standalone="no"?>
<!DOCTYPE log SYSTEM "logger.dtd">
<log>
<record>
  <date>2024-08-26T17:18:56.190-0300</date>
  <logger>GABRIEL GERMANO DOS SANTOS</logger>
  <level>FINE</level>
  <message>File 123110263-GABRIEL GERMANO DOS SANTOS.zip was received. It was sent by GABRIEL GERMANO DOS SANTOS from IP 192.168.101.2 at 26-08-2024 17*18*56</message>
</record>
</log>
<?xml version="1.0" encoding="UTF-8" standalone="no"?>
<!DOCTYPE log SYSTEM "logger.dtd">
<log>
<record>
  <date>2024-08-28T09:31:35.222-0300</date>
  <logger>GABRIEL GERMANO DOS SANTOS</logger>
  <level>FINE</level>
  <message>File 123110263-GABRIEL GERMANO DOS SANTOS.zip was received. It was sent by GABRIEL GERMANO DOS SANTOS from IP 150.165.74.87 at 28-08-2024 09*31*35</message>
</record>
</log>
<?xml version="1.0" encoding="UTF-8" standalone="no"?>
<!DOCTYPE log SYSTEM "logger.dtd">
<log>
<record>
  <date>2024-08-28T14:08:11.878-0300</date>
  <logger>GABRIEL GERMANO DOS SANTOS</logger>
  <level>FINE</level>
  <message>File 123110263-GABRIEL GERMANO DOS SANTOS.zip was received. It was sent by GABRIEL GERMANO DOS SANTOS from IP 150.165.80.199 at 28-08-2024 14*08*11</message>
</record>
